<?xml version="1.0" encoding="UTF-8"?>
<!-- Generated by org.testng.reporters.JUnitReportReporter -->
<testsuite hostname="DESKTOP-5VGUJVE" failures="0" tests="4" name="basic_of_testNG.Executesamescript_multipletimes" time="0.021" errors="0" timestamp="2022-12-13T22:09:33 PST" skipped="0">
  <testcase classname="basic_of_testNG.Executesamescript_multipletimes" name="login" time="0.002"/>
  <system-out/>
  <testcase classname="basic_of_testNG.Executesamescript_multipletimes" name="login" time="0.002"/>
  <system-out/>
  <testcase classname="basic_of_testNG.Executesamescript_multipletimes" name="login" time="0.011"/>
  <system-out/>
  <testcase classname="basic_of_testNG.Executesamescript_multipletimes" name="logout" time="0.006"/>
  <system-out/>
</testsuite> <!-- basic_of_testNG.Executesamescript_multipletimes -->
