<?xml version="1.0" encoding="UTF-8"?>
<!-- Generated by org.testng.reporters.JUnitReportReporter -->
<testsuite hostname="DESKTOP-5VGUJVE" failures="0" tests="2" name="basic_of_testNG.firstscript" time="0.009" errors="0" timestamp="2022-12-13T22:06:40 PST" skipped="0">
  <testcase classname="basic_of_testNG.firstscript" name="test1" time="0.004"/>
  <system-out>
    <![CDATA[end of frame work]]>
  </system-out>
  <testcase classname="basic_of_testNG.firstscript" name="test" time="0.005"/>
  <system-out>
    <![CDATA[begining of frame work]]>
  </system-out>
</testsuite> <!-- basic_of_testNG.firstscript -->
