<?xml version="1.0" encoding="UTF-8"?>
<!-- Generated by org.testng.reporters.JUnitReportReporter -->
<testsuite hostname="DESKTOP-5VGUJVE" failures="0" tests="1" name="basicframeworkusingtestNG_Excel.testscript_1" time="103.407" errors="0" timestamp="2022-12-14T00:54:19 PST" skipped="0">
  <testcase classname="basicframeworkusingtestNG_Excel.testscript_1" name="signup" time="103.407"/>
  <system-out>
    <![CDATA[full name is entered....
email is entered....
current address is entered....
permanent address is entered....
all the data is submitted....]]>
  </system-out>
</testsuite> <!-- basicframeworkusingtestNG_Excel.testscript_1 -->
