<?xml version="1.0" encoding="UTF-8"?>
<!-- Generated by org.testng.reporters.JUnitReportReporter -->
<testsuite hostname="DESKTOP-5VGUJVE" failures="0" tests="5" name="basic_of_testNG.disable_perticular_script" time="0.006" errors="0" timestamp="2022-12-13T22:06:40 PST" skipped="1">
  <testcase classname="basic_of_testNG.disable_perticular_script" name="login" time="0.002"/>
  <system-out/>
  <testcase classname="basic_of_testNG.disable_perticular_script" name="login" time="0.002"/>
  <system-out/>
  <testcase classname="basic_of_testNG.disable_perticular_script" name="login" time="0.001"/>
  <system-out/>
  <testcase classname="basic_of_testNG.disable_perticular_script" name="logout" time="0.001"/>
  <system-out/>
  <testcase classname="basic_of_testNG.disable_perticular_script" name="signup">
    <skipped/>
  </testcase> <!-- signup -->
  <system-out/>
</testsuite> <!-- basic_of_testNG.disable_perticular_script -->
