<?xml version="1.0" encoding="UTF-8"?>
<!-- Generated by org.testng.reporters.JUnitReportReporter -->
<testsuite hostname="DESKTOP-5VGUJVE" failures="0" tests="1" name="basic_of_testNG.testscript" time="42.281" errors="0" timestamp="2022-12-13T23:52:22 PST" skipped="0">
  <testcase classname="basic_of_testNG.testscript" name="demoqa" time="42.281"/>
  <system-out>
    <![CDATA[full name was entered
user email entered
current address is entered....
permanent address is entered....
all the data is submitted....]]>
  </system-out>
</testsuite> <!-- basic_of_testNG.testscript -->
