<?xml version="1.0" encoding="UTF-8"?>
<!-- Generated by org.testng.reporters.JUnitReportReporter -->
<testsuite hostname="DESKTOP-5VGUJVE" failures="0" tests="4" name="basic_of_testNG.priortize_thescript" time="0.022" errors="0" timestamp="2022-12-13T22:06:40 PST" skipped="0">
  <testcase classname="basic_of_testNG.priortize_thescript" name="signup" time="0.011"/>
  <system-out/>
  <testcase classname="basic_of_testNG.priortize_thescript" name="login" time="0.002"/>
  <system-out/>
  <testcase classname="basic_of_testNG.priortize_thescript" name="cart" time="0.005"/>
  <system-out/>
  <testcase classname="basic_of_testNG.priortize_thescript" name="logout" time="0.004"/>
  <system-out/>
</testsuite> <!-- basic_of_testNG.priortize_thescript -->
