<?xml version="1.0" encoding="UTF-8"?>
<!-- Generated by org.testng.reporters.JUnitReportReporter -->
<testsuite hostname="DESKTOP-5VGUJVE" failures="0" tests="1" name="basic_pom.testscript4" time="92.108" errors="0" timestamp="2022-12-15T02:30:33 PST" skipped="0">
  <testcase classname="basic_pom.testscript4" name="script" time="92.108"/>
  <system-out/>
</testsuite> <!-- basic_pom.testscript4 -->
