<?xml version="1.0" encoding="UTF-8"?>
<!-- Generated by org.testng.reporters.JUnitReportReporter -->
<testsuite hostname="DESKTOP-5VGUJVE" failures="0" tests="1" name="basicframeworkusingtestNG_dataprovider.testscript1" time="42.733" errors="0" timestamp="2022-12-14T01:13:14 PST" skipped="0">
  <testcase classname="basicframeworkusingtestNG_dataprovider.testscript1" name="signup" time="42.733"/>
  <system-out>
    <![CDATA[full name is entered....
email is entered....
current address is entered....
permanent address is entered....
all the data is submitted....]]>
  </system-out>
</testsuite> <!-- basicframeworkusingtestNG_dataprovider.testscript1 -->
